<?xml version="1.0" encoding="UTF-8"?>
<!-- Generated by org.testng.reporters.JUnitXMLReporter -->
<testsuite ignored="0" hostname="DESKTOP-HP187" failures="0" tests="3" name="Default test" time="60.852" errors="0" timestamp="2024-07-11T16:07:36 IST">
  <testcase classname="qtrip.testCase_01" name="TestCase01" time="48.62"/>
  <testcase classname="qtrip.testCase_01" name="TestCase01" time="4.75"/>
  <testcase classname="qtrip.testCase_01" name="TestCase01" time="3.697"/>
</testsuite> <!-- Default test -->
